Base path: '/Applications/Unity/Hub/Editor/2019.4.26f1/Unity.app/Contents', plugins path '/Applications/Unity/Hub/Editor/2019.4.26f1/PlaybackEngines'
Cmd: initializeCompiler
Cmd: compileComputeKernel
  api=4 insize=18785 outsize=8518 ok=1
Cmd: compileComputeKernel
  api=4 insize=18785 outsize=10714 ok=1
Cmd: translateComputeKernel
  api=14 insize=9901 outsize=16826 ok=1
Cmd: compileComputeKernel
  api=14 insize=1280 outsize=1412 ok=1
Cmd: compileComputeKernel
  api=14 insize=1613 outsize=2071 ok=1
Cmd: translateComputeKernel
  api=14 insize=2071 outsize=3116 ok=1
Cmd: compileComputeKernel
  api=4 insize=5194 outsize=4117 ok=1
Cmd: translateComputeKernel
  api=14 insize=5781 outsize=8388 ok=1
Cmd: compileComputeKernel
  api=14 insize=11230 outsize=11289 ok=1
Cmd: translateComputeKernel
  api=14 insize=10544 outsize=18410 ok=1
Cmd: compileComputeKernel
  api=4 insize=2242 outsize=372 ok=1
Cmd: compileComputeKernel
  api=14 insize=3586 outsize=3205 ok=1
Cmd: compileComputeKernel
  api=14 insize=3348 outsize=815 ok=1
Cmd: compileSnippet
  api=14 type=0 insize=9332 outsize=2042 kw= pd=UNITY_ENABLE_REFLECTION_BUFFERS UNITY_USE_DITHER_MASK_FOR_ALPHABLENDED_SHADOWS UNITY_PBS_USE_BRDF1 UNITY_SPECCUBE_BOX_PROJECTION UNITY_SPECCUBE_BLENDING UNITY_ENABLE_DETAIL_NORMALMAP SHADER_API_DESKTOP UNITY_COLORSPACE_GAMMA UNITY_LIGHT_PROBE_PROXY_VOLUME UNITY_LIGHTMAP_FULL_HDR ok=1
Cmd: compileSnippet
  api=14 type=1 insize=17752 outsize=16218 kw=_MAIN_LIGHT_SHADOWS _ADDITIONAL_LIGHTS_VERTEX pd=UNITY_ENABLE_REFLECTION_BUFFERS UNITY_USE_DITHER_MASK_FOR_ALPHABLENDED_SHADOWS UNITY_PBS_USE_BRDF1 UNITY_SPECCUBE_BOX_PROJECTION UNITY_SPECCUBE_BLENDING UNITY_ENABLE_DETAIL_NORMALMAP SHADER_API_DESKTOP UNITY_COLORSPACE_GAMMA UNITY_LIGHT_PROBE_PROXY_VOLUME UNITY_LIGHTMAP_FULL_HDR ok=1
